14:23:54.421 [AWT-EventQueue-0] INFO  c.b.actions.EnableBrowserStack - Setting enable browserstack run update
14:23:54.431 [AWT-EventQueue-0] INFO  c.b.actions.DisableBrowserStack - Setting disable browserstack run update
17:23:04.869 [ApplicationImpl pooled thread 232] INFO  c.b.l.BrowserStackRunExtension - testng
17:23:04.870 [ApplicationImpl pooled thread 232] INFO  com.browserstack.utils.Helpers - null
17:23:04.870 [ApplicationImpl pooled thread 232] INFO  c.b.l.BrowserStackRunExtension - Agent path: null
17:24:29.033 [ApplicationImpl pooled thread 229] INFO  c.b.l.BrowserStackRunExtension - testng
17:24:29.034 [ApplicationImpl pooled thread 229] INFO  com.browserstack.utils.Helpers - null
17:24:29.035 [ApplicationImpl pooled thread 229] INFO  c.b.l.BrowserStackRunExtension - Agent path: null
17:25:55.919 [ApplicationImpl pooled thread 233] INFO  c.b.l.BrowserStackRunExtension - testng
17:25:55.919 [ApplicationImpl pooled thread 233] INFO  com.browserstack.utils.Helpers - null
17:25:55.920 [ApplicationImpl pooled thread 233] INFO  c.b.l.BrowserStackRunExtension - Agent path: null
17:27:13.739 [ApplicationImpl pooled thread 245] INFO  c.b.l.BrowserStackRunExtension - testng
17:27:13.739 [ApplicationImpl pooled thread 245] INFO  com.browserstack.utils.Helpers - null
17:27:13.740 [ApplicationImpl pooled thread 245] INFO  c.b.l.BrowserStackRunExtension - Agent path: null
17:28:50.275 [ApplicationImpl pooled thread 232] INFO  c.b.l.BrowserStackRunExtension - testng
17:28:50.275 [ApplicationImpl pooled thread 232] INFO  com.browserstack.utils.Helpers - null
17:28:50.276 [ApplicationImpl pooled thread 232] INFO  c.b.l.BrowserStackRunExtension - Agent path: null
17:30:09.251 [ApplicationImpl pooled thread 242] INFO  c.b.l.BrowserStackRunExtension - testng
17:30:09.251 [ApplicationImpl pooled thread 242] INFO  com.browserstack.utils.Helpers - null
17:30:09.252 [ApplicationImpl pooled thread 242] INFO  c.b.l.BrowserStackRunExtension - Agent path: null
17:31:36.297 [ApplicationImpl pooled thread 245] INFO  c.b.l.BrowserStackRunExtension - testng
17:31:36.297 [ApplicationImpl pooled thread 245] INFO  com.browserstack.utils.Helpers - null
17:31:36.298 [ApplicationImpl pooled thread 245] INFO  c.b.l.BrowserStackRunExtension - Agent path: null
17:37:10.325 [ApplicationImpl pooled thread 232] INFO  c.b.l.BrowserStackRunExtension - testng
17:37:10.325 [ApplicationImpl pooled thread 232] INFO  com.browserstack.utils.Helpers - null
17:37:10.326 [ApplicationImpl pooled thread 232] INFO  c.b.l.BrowserStackRunExtension - Agent path: null
17:45:13.399 [ApplicationImpl pooled thread 267] INFO  c.b.l.BrowserStackRunExtension - testng
17:45:13.400 [ApplicationImpl pooled thread 267] INFO  com.browserstack.utils.Helpers - null
17:45:13.400 [ApplicationImpl pooled thread 267] INFO  c.b.l.BrowserStackRunExtension - Agent path: null
17:47:01.412 [ApplicationImpl pooled thread 272] INFO  c.b.l.BrowserStackRunExtension - testng
17:47:01.412 [ApplicationImpl pooled thread 272] INFO  com.browserstack.utils.Helpers - null
17:47:01.412 [ApplicationImpl pooled thread 272] INFO  c.b.l.BrowserStackRunExtension - Agent path: null
17:48:44.406 [ApplicationImpl pooled thread 273] INFO  c.b.l.BrowserStackRunExtension - testng
17:48:44.406 [ApplicationImpl pooled thread 273] INFO  com.browserstack.utils.Helpers - null
17:48:44.408 [ApplicationImpl pooled thread 273] INFO  c.b.l.BrowserStackRunExtension - Agent path: null
10:14:54.767 [ApplicationImpl pooled thread 323] INFO  c.b.l.BrowserStackRunExtension - testng
10:14:54.767 [ApplicationImpl pooled thread 323] INFO  com.browserstack.utils.Helpers - null
10:14:54.767 [ApplicationImpl pooled thread 323] INFO  c.b.l.BrowserStackRunExtension - Agent path: null
10:16:35.587 [ApplicationImpl pooled thread 323] INFO  c.b.l.BrowserStackRunExtension - testng
10:16:35.587 [ApplicationImpl pooled thread 323] INFO  com.browserstack.utils.Helpers - null
10:16:35.587 [ApplicationImpl pooled thread 323] INFO  c.b.l.BrowserStackRunExtension - Agent path: null
10:22:22.623 [ApplicationImpl pooled thread 335] INFO  c.b.l.BrowserStackRunExtension - testng
10:22:22.624 [ApplicationImpl pooled thread 335] INFO  com.browserstack.utils.Helpers - null
10:22:22.624 [ApplicationImpl pooled thread 335] INFO  c.b.l.BrowserStackRunExtension - Agent path: null
10:23:10.674 [ApplicationImpl pooled thread 335] INFO  c.b.l.BrowserStackRunExtension - testng
10:23:10.674 [ApplicationImpl pooled thread 335] INFO  com.browserstack.utils.Helpers - null
10:23:10.675 [ApplicationImpl pooled thread 335] INFO  c.b.l.BrowserStackRunExtension - Agent path: null
10:23:37.781 [ApplicationImpl pooled thread 335] INFO  c.b.l.BrowserStackRunExtension - testng
10:23:37.782 [ApplicationImpl pooled thread 335] INFO  com.browserstack.utils.Helpers - null
10:23:37.784 [ApplicationImpl pooled thread 335] INFO  c.b.l.BrowserStackRunExtension - Agent path: null
10:51:26.597 [ApplicationImpl pooled thread 364] INFO  c.b.l.BrowserStackRunExtension - testng
10:51:26.597 [ApplicationImpl pooled thread 364] INFO  com.browserstack.utils.Helpers - null
10:51:26.598 [ApplicationImpl pooled thread 364] INFO  c.b.l.BrowserStackRunExtension - Agent path: null
10:52:45.207 [ApplicationImpl pooled thread 362] INFO  c.b.l.BrowserStackRunExtension - testng
10:52:45.208 [ApplicationImpl pooled thread 362] INFO  com.browserstack.utils.Helpers - null
10:52:45.208 [ApplicationImpl pooled thread 362] INFO  c.b.l.BrowserStackRunExtension - Agent path: null
10:56:26.422 [ApplicationImpl pooled thread 374] INFO  c.b.l.BrowserStackRunExtension - testng
10:56:26.422 [ApplicationImpl pooled thread 374] INFO  com.browserstack.utils.Helpers - null
10:56:26.422 [ApplicationImpl pooled thread 374] INFO  c.b.l.BrowserStackRunExtension - Agent path: null
11:09:51.965 [ApplicationImpl pooled thread 379] INFO  c.b.l.BrowserStackRunExtension - testng
11:09:51.965 [ApplicationImpl pooled thread 379] INFO  com.browserstack.utils.Helpers - null
11:09:51.965 [ApplicationImpl pooled thread 379] INFO  c.b.l.BrowserStackRunExtension - Agent path: null
11:10:50.166 [ApplicationImpl pooled thread 384] INFO  c.b.l.BrowserStackRunExtension - testng
11:10:50.166 [ApplicationImpl pooled thread 384] INFO  com.browserstack.utils.Helpers - null
11:10:50.168 [ApplicationImpl pooled thread 384] INFO  c.b.l.BrowserStackRunExtension - Agent path: null
12:48:04.627 [ApplicationImpl pooled thread 434] INFO  c.b.l.BrowserStackRunExtension - testng
12:48:04.628 [ApplicationImpl pooled thread 434] INFO  com.browserstack.utils.Helpers - null
12:48:04.628 [ApplicationImpl pooled thread 434] INFO  c.b.l.BrowserStackRunExtension - Agent path: null
12:48:23.132 [ApplicationImpl pooled thread 440] INFO  c.b.l.BrowserStackRunExtension - testng
12:48:23.132 [ApplicationImpl pooled thread 440] INFO  com.browserstack.utils.Helpers - null
12:48:23.134 [ApplicationImpl pooled thread 440] INFO  c.b.l.BrowserStackRunExtension - Agent path: null
15:52:13.434 [ApplicationImpl pooled thread 575] INFO  c.b.l.BrowserStackRunExtension - testng
15:52:13.434 [ApplicationImpl pooled thread 575] INFO  com.browserstack.utils.Helpers - null
15:52:13.434 [ApplicationImpl pooled thread 575] INFO  c.b.l.BrowserStackRunExtension - Agent path: null
16:43:56.436 [ApplicationImpl pooled thread 625] INFO  c.b.l.BrowserStackRunExtension - testng
16:43:56.437 [ApplicationImpl pooled thread 625] INFO  com.browserstack.utils.Helpers - null
16:43:56.437 [ApplicationImpl pooled thread 625] INFO  c.b.l.BrowserStackRunExtension - Agent path: null
17:00:51.836 [ApplicationImpl pooled thread 635] INFO  c.b.l.BrowserStackRunExtension - testng
17:00:51.836 [ApplicationImpl pooled thread 635] INFO  com.browserstack.utils.Helpers - null
17:00:51.836 [ApplicationImpl pooled thread 635] INFO  c.b.l.BrowserStackRunExtension - Agent path: null
17:02:54.717 [ApplicationImpl pooled thread 643] INFO  c.b.l.BrowserStackRunExtension - testng
17:02:54.717 [ApplicationImpl pooled thread 643] INFO  com.browserstack.utils.Helpers - null
17:02:54.719 [ApplicationImpl pooled thread 643] INFO  c.b.l.BrowserStackRunExtension - Agent path: null
17:03:08.703 [ApplicationImpl pooled thread 643] INFO  c.b.l.BrowserStackRunExtension - testng
17:03:08.704 [ApplicationImpl pooled thread 643] INFO  com.browserstack.utils.Helpers - null
17:03:08.704 [ApplicationImpl pooled thread 643] INFO  c.b.l.BrowserStackRunExtension - Agent path: null
17:03:19.574 [ApplicationImpl pooled thread 635] INFO  c.b.l.BrowserStackRunExtension - testng
17:03:19.574 [ApplicationImpl pooled thread 635] INFO  com.browserstack.utils.Helpers - null
17:03:19.576 [ApplicationImpl pooled thread 635] INFO  c.b.l.BrowserStackRunExtension - Agent path: null
18:06:33.896 [ApplicationImpl pooled thread 695] INFO  c.b.l.BrowserStackRunExtension - testng
18:06:33.896 [ApplicationImpl pooled thread 695] INFO  com.browserstack.utils.Helpers - null
18:06:33.896 [ApplicationImpl pooled thread 695] INFO  c.b.l.BrowserStackRunExtension - Agent path: null
18:07:03.298 [ApplicationImpl pooled thread 694] INFO  c.b.l.BrowserStackRunExtension - testng
18:07:03.298 [ApplicationImpl pooled thread 694] INFO  com.browserstack.utils.Helpers - null
18:07:03.298 [ApplicationImpl pooled thread 694] INFO  c.b.l.BrowserStackRunExtension - Agent path: null
18:07:39.942 [ApplicationImpl pooled thread 688] INFO  c.b.l.BrowserStackRunExtension - testng
18:07:39.942 [ApplicationImpl pooled thread 688] INFO  com.browserstack.utils.Helpers - null
18:07:39.942 [ApplicationImpl pooled thread 688] INFO  c.b.l.BrowserStackRunExtension - Agent path: null
18:14:49.595 [ApplicationImpl pooled thread 693] INFO  c.b.l.BrowserStackRunExtension - testng
18:14:49.595 [ApplicationImpl pooled thread 693] INFO  com.browserstack.utils.Helpers - null
18:14:49.596 [ApplicationImpl pooled thread 693] INFO  c.b.l.BrowserStackRunExtension - Agent path: null
19:45:18.417 [AWT-EventQueue-0] INFO  c.b.actions.EnableBrowserStack - Setting enable browserstack run update
19:45:18.442 [AWT-EventQueue-0] INFO  c.b.actions.EnableBrowserStack - Setting enable browserstack run update
19:45:18.451 [AWT-EventQueue-0] INFO  c.b.actions.DisableBrowserStack - Setting disable browserstack run update
19:47:53.332 [ApplicationImpl pooled thread 737] INFO  c.b.l.BrowserStackRunExtension - testng
19:47:53.332 [ApplicationImpl pooled thread 737] INFO  com.browserstack.utils.Helpers - null
19:47:53.333 [ApplicationImpl pooled thread 737] INFO  c.b.l.BrowserStackRunExtension - Agent path: null
19:52:38.800 [ApplicationImpl pooled thread 741] INFO  c.b.l.BrowserStackRunExtension - testng
19:52:38.800 [ApplicationImpl pooled thread 741] INFO  com.browserstack.utils.Helpers - null
19:52:38.801 [ApplicationImpl pooled thread 741] INFO  c.b.l.BrowserStackRunExtension - Agent path: null
19:52:46.770 [ApplicationImpl pooled thread 752] INFO  c.b.l.BrowserStackRunExtension - testng
19:52:46.770 [ApplicationImpl pooled thread 752] INFO  com.browserstack.utils.Helpers - null
19:52:46.772 [ApplicationImpl pooled thread 752] INFO  c.b.l.BrowserStackRunExtension - Agent path: null
19:53:19.764 [ApplicationImpl pooled thread 741] INFO  c.b.l.BrowserStackRunExtension - testng
19:53:19.765 [ApplicationImpl pooled thread 741] INFO  com.browserstack.utils.Helpers - null
19:53:19.765 [ApplicationImpl pooled thread 741] INFO  c.b.l.BrowserStackRunExtension - Agent path: null
19:53:50.047 [ApplicationImpl pooled thread 752] INFO  c.b.l.BrowserStackRunExtension - testng
19:53:50.047 [ApplicationImpl pooled thread 752] INFO  com.browserstack.utils.Helpers - null
19:53:50.048 [ApplicationImpl pooled thread 752] INFO  c.b.l.BrowserStackRunExtension - Agent path: null
19:54:38.995 [ApplicationImpl pooled thread 751] INFO  c.b.l.BrowserStackRunExtension - testng
19:54:38.995 [ApplicationImpl pooled thread 751] INFO  com.browserstack.utils.Helpers - null
19:54:38.996 [ApplicationImpl pooled thread 751] INFO  c.b.l.BrowserStackRunExtension - Agent path: null
20:00:47.643 [ApplicationImpl pooled thread 755] INFO  c.b.l.BrowserStackRunExtension - testng
20:00:47.644 [ApplicationImpl pooled thread 755] INFO  com.browserstack.utils.Helpers - null
20:00:47.644 [ApplicationImpl pooled thread 755] INFO  c.b.l.BrowserStackRunExtension - Agent path: null
20:01:17.505 [ApplicationImpl pooled thread 758] INFO  c.b.l.BrowserStackRunExtension - testng
20:01:17.506 [ApplicationImpl pooled thread 758] INFO  com.browserstack.utils.Helpers - null
20:01:17.507 [ApplicationImpl pooled thread 758] INFO  c.b.l.BrowserStackRunExtension - Agent path: null
20:02:56.109 [ApplicationImpl pooled thread 749] INFO  c.b.l.BrowserStackRunExtension - testng
20:02:56.109 [ApplicationImpl pooled thread 749] INFO  com.browserstack.utils.Helpers - null
20:02:56.110 [ApplicationImpl pooled thread 749] INFO  c.b.l.BrowserStackRunExtension - Agent path: null
20:04:22.786 [ApplicationImpl pooled thread 768] INFO  c.b.l.BrowserStackRunExtension - testng
20:04:22.787 [ApplicationImpl pooled thread 768] INFO  com.browserstack.utils.Helpers - null
20:04:22.788 [ApplicationImpl pooled thread 768] INFO  c.b.l.BrowserStackRunExtension - Agent path: null
20:05:50.887 [ApplicationImpl pooled thread 771] INFO  c.b.l.BrowserStackRunExtension - testng
20:05:50.887 [ApplicationImpl pooled thread 771] INFO  com.browserstack.utils.Helpers - null
20:05:50.888 [ApplicationImpl pooled thread 771] INFO  c.b.l.BrowserStackRunExtension - Agent path: null
20:05:58.371 [ApplicationImpl pooled thread 765] INFO  c.b.l.BrowserStackRunExtension - testng
20:05:58.371 [ApplicationImpl pooled thread 765] INFO  com.browserstack.utils.Helpers - null
20:05:58.371 [ApplicationImpl pooled thread 765] INFO  c.b.l.BrowserStackRunExtension - Agent path: null
20:09:32.605 [ApplicationImpl pooled thread 770] INFO  c.b.l.BrowserStackRunExtension - testng
20:09:32.605 [ApplicationImpl pooled thread 770] INFO  com.browserstack.utils.Helpers - null
20:09:32.605 [ApplicationImpl pooled thread 770] INFO  c.b.l.BrowserStackRunExtension - Agent path: null
20:10:31.364 [ApplicationImpl pooled thread 770] INFO  c.b.l.BrowserStackRunExtension - testng
20:10:31.365 [ApplicationImpl pooled thread 770] INFO  com.browserstack.utils.Helpers - null
20:10:31.367 [ApplicationImpl pooled thread 770] INFO  c.b.l.BrowserStackRunExtension - Agent path: null
12:18:16.216 [ApplicationImpl pooled thread 30] INFO  c.b.l.BrowserStackRunExtension - testng
12:18:16.217 [ApplicationImpl pooled thread 30] INFO  com.browserstack.utils.Helpers - null
12:18:16.217 [ApplicationImpl pooled thread 30] INFO  c.b.l.BrowserStackRunExtension - Agent path: null
12:57:50.076 [ApplicationImpl pooled thread 48] INFO  c.b.l.BrowserStackRunExtension - testng
12:57:50.077 [ApplicationImpl pooled thread 48] INFO  com.browserstack.utils.Helpers - null
12:57:50.077 [ApplicationImpl pooled thread 48] INFO  c.b.l.BrowserStackRunExtension - Agent path: null
12:58:10.865 [ApplicationImpl pooled thread 68] INFO  c.b.l.BrowserStackRunExtension - testng
12:58:10.865 [ApplicationImpl pooled thread 68] INFO  com.browserstack.utils.Helpers - null
12:58:10.867 [ApplicationImpl pooled thread 68] INFO  c.b.l.BrowserStackRunExtension - Agent path: null
13:00:08.731 [ApplicationImpl pooled thread 60] INFO  c.b.l.BrowserStackRunExtension - testng
13:00:08.732 [ApplicationImpl pooled thread 60] INFO  com.browserstack.utils.Helpers - null
13:00:08.733 [ApplicationImpl pooled thread 60] INFO  c.b.l.BrowserStackRunExtension - Agent path: null
13:00:38.982 [ApplicationImpl pooled thread 73] INFO  c.b.l.BrowserStackRunExtension - testng
13:00:38.982 [ApplicationImpl pooled thread 73] INFO  com.browserstack.utils.Helpers - null
13:00:38.983 [ApplicationImpl pooled thread 73] INFO  c.b.l.BrowserStackRunExtension - Agent path: null
13:01:01.869 [ApplicationImpl pooled thread 74] INFO  c.b.l.BrowserStackRunExtension - testng
13:01:01.869 [ApplicationImpl pooled thread 74] INFO  com.browserstack.utils.Helpers - null
13:01:01.871 [ApplicationImpl pooled thread 74] INFO  c.b.l.BrowserStackRunExtension - Agent path: null
13:01:11.730 [ApplicationImpl pooled thread 74] INFO  c.b.l.BrowserStackRunExtension - testng
13:01:11.731 [ApplicationImpl pooled thread 74] INFO  com.browserstack.utils.Helpers - null
13:01:11.731 [ApplicationImpl pooled thread 74] INFO  c.b.l.BrowserStackRunExtension - Agent path: null
